<?xml version="1.0" encoding="UTF-8"?>
<!-- Generated by org.testng.reporters.JUnitXMLReporter -->
<testsuite ignored="1" hostname="DESKTOP-NT35EM5" failures="0" tests="1" name="Test(failed)(failed)" time="0.104" errors="0" timestamp="2023-11-30T12:05:13 IST">
  <testcase classname="testNGExecution.Test1" name="method1" time="0.018"/>
  <testcase classname="testNGExecution.Test1" name="method2" time="0.0">
    <ignored/>
  </testcase> <!-- method2 -->
</testsuite> <!-- Test(failed)(failed) -->
