<?xml version="1.0" encoding="UTF-8"?>
<!-- Generated by org.testng.reporters.JUnitXMLReporter -->
<testsuite ignored="1" hostname="DESKTOP-NT35EM5" failures="1" tests="1" name="Test(failed)" time="0.104" errors="0" timestamp="2023-11-29T12:22:11 IST">
  <testcase classname="testNGExecution.Test1" name="method1" time="0.017">
    <failure type="java.lang.ArithmeticException" message="/ by zero">
      <![CDATA[java.lang.ArithmeticException: / by zero
at testNGExecution.Test1.method1(Test1.java:10)
at java.base/java.util.ArrayList.forEach(ArrayList.java:1511)
... Removed 27 stack frames]]>
    </failure>
  </testcase> <!-- method1 -->
  <testcase classname="testNGExecution.Test1" name="method2" time="0.0">
    <ignored/>
  </testcase> <!-- method2 -->
</testsuite> <!-- Test(failed) -->
